<?xml version="1.0" encoding="UTF-8"?>
<!-- Generated by org.testng.reporters.JUnitReportReporter -->
<testsuite hostname="MEGHA" failures="0" tests="1" name="com.Demotesting" time="0.084" errors="0" timestamp="2023-04-30T20:25:08 IST" skipped="0">
  <testcase classname="com.Demotesting" name="createProduct" time="0.084"/>
  <system-out/>
</testsuite> <!-- com.Demotesting -->
