<?xml version="1.0" encoding="UTF-8"?>
<!-- Generated by org.testng.reporters.JUnitReportReporter -->
<testsuite hostname="MEGHA" failures="0" tests="3" name="com.Demotesting2" time="0.060" errors="0" timestamp="2023-05-02T13:01:48 IST" skipped="0">
  <testcase classname="com.Demotesting2" name="deleteProduct" time="0.014"/>
  <system-out/>
  <testcase classname="com.Demotesting2" name="CreateProduct" time="0.037"/>
  <system-out/>
  <testcase classname="com.Demotesting2" name="updateeProduct" time="0.009"/>
  <system-out/>
</testsuite> <!-- com.Demotesting2 -->
